Arguments: 
  C:\Development Tools\nodejs\node.exe C:\Users\joshg\AppData\Roaming\npm\node_modules\yarn\bin\yarn.js add webpack

PATH: 
  C:\Program Files\Oculus\Support\oculus-runtime;C:\ProgramData\Oracle\Java\javapath;C:\Program Files (x86)\Razer Chroma SDK\bin;C:\Program Files\Razer Chroma SDK\bin;C:\Windows\system32;C:\Windows;C:\Windows\System32\Wbem;C:\Windows\System32\WindowsPowerShell\v1.0\;C:\Windows\system32\config\systemprofile\AppData\Local\Microsoft\WindowsApps;C:\Program Files (x86)\NVIDIA Corporation\PhysX\Common;C:\Program Files\IBM\SPSS\Statistics\24\JRE\bin;C:\Program Files\PuTTY\;C:\WINDOWS\system32;C:\WINDOWS;C:\WINDOWS\System32\Wbem;C:\WINDOWS\System32\WindowsPowerShell\v1.0\;C:\Development Tools\Git\cmd;C:\Development Tools\Git\mingw32\bin;C:\Development Tools\Git\usr\bin;%NVM_HOME%;%NVM_SYMLINK%;C:\WINDOWS\System32\OpenSSH\;C:\Development Tools\Microsoft VS Code\bin;C:\Users\joshg\AppData\Local\Microsoft\WindowsApps;C:\Users\joshg\AppData\Roaming\npm;C:\Users\joshg\AppData\Local\Google\Cloud SDK\google-cloud-sdk\bin;C:\Development Tools\Microsoft VS Code\bin;C:\Users\joshg\AppData\Local\GitHubDesktop\bin;C:\Users\joshg\AppData\Roaming\nvm;C:\Development Tools\nodejs;C:\Users\joshg\AppData\Local\Microsoft\WindowsApps;C:\Development Tools\Heroku\bin;

Yarn version: 
  1.9.4

Node version: 
  8.11.1

Platform: 
  win32 x64

Trace: 
  SyntaxError: C:\Users\joshg\Desktop\GitHub\bitch\package.json: Unexpected string in JSON at position 147
      at JSON.parse (<anonymous>)
      at C:\Users\joshg\AppData\Roaming\npm\node_modules\yarn\lib\cli.js:1130:59
      at Generator.next (<anonymous>)
      at step (C:\Users\joshg\AppData\Roaming\npm\node_modules\yarn\lib\cli.js:92:30)
      at C:\Users\joshg\AppData\Roaming\npm\node_modules\yarn\lib\cli.js:103:13
      at <anonymous>

npm manifest: 
  {
    "name": "bitch",
    "version": "1.0.0",
    "description": "",
    "main": "index.js",
    "scripts": {
      "build": "webpack --mode development"
      "test": "echo \"Error: no test specified\""
    },
    "author": "Josh Greenwell <joshgreenwell99@gmail.com>",
    "license": "ISC"
  }

yarn manifest: 
  No manifest

Lockfile: 
  No lockfile
